<?xml version="1.0" encoding="UTF-8"?>
<!-- Generated by org.testng.reporters.JUnitXMLReporter -->
<testsuite ignored="0" hostname="Nitish" failures="0" tests="5" name="Data Driven Login Test" time="89.888" errors="0" timestamp="2025-12-15T22:03:00 GMT">
  <testcase classname="testcase.datadriventestcase" name="verifylogindata" time="22.55"/>
  <testcase classname="testcase.datadriventestcase" name="verifylogindata" time="3.713"/>
  <testcase classname="testcase.datadriventestcase" name="verifylogindata" time="3.573"/>
  <testcase classname="testcase.datadriventestcase" name="verifylogindata" time="22.826"/>
  <testcase classname="testcase.datadriventestcase" name="verifylogindata" time="22.252"/>
</testsuite> <!-- Data Driven Login Test -->
