<?xml version="1.0" encoding="UTF-8"?>
<!-- Generated by org.testng.reporters.JUnitXMLReporter -->
<testsuite ignored="2" hostname="Nitish" failures="1" tests="1" name="RegressionTests" time="0.042" errors="0" timestamp="2025-12-08T21:42:45 GMT">
  <testcase classname="testcase.loginTestcase" name="logintest" time="0.011">
    <failure type="java.lang.NullPointerException" message="Cannot invoke &amp;quot;org.openqa.selenium.WebDriver.findElement(org.openqa.selenium.By)&amp;quot; because &amp;quot;this.driver&amp;quot; is null">
      <![CDATA[java.lang.NullPointerException: Cannot invoke "org.openqa.selenium.WebDriver.findElement(org.openqa.selenium.By)" because "this.driver" is null
at pageclass.homepagepom.clickmyname1(homepagepom.java:30)
at testcase.loginTestcase.logintest(loginTestcase.java:20)
at java.base/java.util.ArrayList.forEach(ArrayList.java:1597)
... Removed 25 stack frames]]>
    </failure>
  </testcase> <!-- logintest -->
  <testcase classname="testcase.datadriventestcase" name="verifylogindata" time="0.0">
    <ignored/>
  </testcase> <!-- verifylogindata -->
  <testcase classname="testcase.tc__001" name="testregister" time="0.0">
    <ignored/>
  </testcase> <!-- testregister -->
</testsuite> <!-- RegressionTests -->
