<?xml version="1.0" encoding="UTF-8"?>
<!-- Generated by org.testng.reporters.JUnitXMLReporter -->
<testsuite ignored="0" hostname="Nitish" failures="5" tests="5" name="Test" time="1.043" errors="0" timestamp="2025-12-15T21:43:16 GMT">
  <testcase classname="testcase.testbase" name="@AfterClass logout" time="0.001">
    <failure type="java.lang.NullPointerException" message="Cannot invoke &amp;quot;org.openqa.selenium.WebDriver.close()&amp;quot; because &amp;quot;this.driver&amp;quot; is null">
      <![CDATA[java.lang.NullPointerException: Cannot invoke "org.openqa.selenium.WebDriver.close()" because "this.driver" is null
at testcase.testbase.logout(testbase.java:107)
at java.base/java.util.ArrayList.forEach(ArrayList.java:1597)
... Removed 24 stack frames]]>
    </failure>
  </testcase> <!-- @AfterClass logout -->
  <testcase classname="testcase.datadriventestcase" name="verifylogindata" time="0.019">
    <failure type="java.lang.AssertionError" message="Test execution failed with exception: Cannot invoke &amp;quot;org.openqa.selenium.WebDriver.findElement(org.openqa.selenium.By)&amp;quot; because &amp;quot;this.driver&amp;quot; is null">
      <![CDATA[java.lang.AssertionError: Test execution failed with exception: Cannot invoke "org.openqa.selenium.WebDriver.findElement(org.openqa.selenium.By)" because "this.driver" is null
at testcase.datadriventestcase.verifylogindata(datadriventestcase.java:84)
at java.base/java.util.ArrayList.forEach(ArrayList.java:1597)
... Removed 26 stack frames]]>
    </failure>
  </testcase> <!-- verifylogindata -->
  <testcase classname="testcase.datadriventestcase" name="verifylogindata" time="0.001">
    <failure type="java.lang.AssertionError" message="Test execution failed with exception: Cannot invoke &amp;quot;org.openqa.selenium.WebDriver.findElement(org.openqa.selenium.By)&amp;quot; because &amp;quot;this.driver&amp;quot; is null">
      <![CDATA[java.lang.AssertionError: Test execution failed with exception: Cannot invoke "org.openqa.selenium.WebDriver.findElement(org.openqa.selenium.By)" because "this.driver" is null
at testcase.datadriventestcase.verifylogindata(datadriventestcase.java:84)
at java.base/java.util.ArrayList.forEach(ArrayList.java:1597)
... Removed 26 stack frames]]>
    </failure>
  </testcase> <!-- verifylogindata -->
  <testcase classname="testcase.datadriventestcase" name="verifylogindata" time="0.001">
    <failure type="java.lang.AssertionError" message="Test execution failed with exception: Cannot invoke &amp;quot;org.openqa.selenium.WebDriver.findElement(org.openqa.selenium.By)&amp;quot; because &amp;quot;this.driver&amp;quot; is null">
      <![CDATA[java.lang.AssertionError: Test execution failed with exception: Cannot invoke "org.openqa.selenium.WebDriver.findElement(org.openqa.selenium.By)" because "this.driver" is null
at testcase.datadriventestcase.verifylogindata(datadriventestcase.java:84)
at java.base/java.util.ArrayList.forEach(ArrayList.java:1597)
... Removed 26 stack frames]]>
    </failure>
  </testcase> <!-- verifylogindata -->
  <testcase classname="testcase.datadriventestcase" name="verifylogindata" time="0.001">
    <failure type="java.lang.AssertionError" message="Test execution failed with exception: Cannot invoke &amp;quot;org.openqa.selenium.WebDriver.findElement(org.openqa.selenium.By)&amp;quot; because &amp;quot;this.driver&amp;quot; is null">
      <![CDATA[java.lang.AssertionError: Test execution failed with exception: Cannot invoke "org.openqa.selenium.WebDriver.findElement(org.openqa.selenium.By)" because "this.driver" is null
at testcase.datadriventestcase.verifylogindata(datadriventestcase.java:84)
at java.base/java.util.ArrayList.forEach(ArrayList.java:1597)
... Removed 26 stack frames]]>
    </failure>
  </testcase> <!-- verifylogindata -->
  <testcase classname="testcase.datadriventestcase" name="verifylogindata" time="0.002">
    <failure type="java.lang.AssertionError" message="Test execution failed with exception: Cannot invoke &amp;quot;org.openqa.selenium.WebDriver.findElement(org.openqa.selenium.By)&amp;quot; because &amp;quot;this.driver&amp;quot; is null">
      <![CDATA[java.lang.AssertionError: Test execution failed with exception: Cannot invoke "org.openqa.selenium.WebDriver.findElement(org.openqa.selenium.By)" because "this.driver" is null
at testcase.datadriventestcase.verifylogindata(datadriventestcase.java:84)
at java.base/java.util.ArrayList.forEach(ArrayList.java:1597)
... Removed 26 stack frames]]>
    </failure>
  </testcase> <!-- verifylogindata -->
</testsuite> <!-- Test -->
