<?xml version="1.0" encoding="UTF-8"?>
<!-- Generated by org.testng.reporters.JUnitXMLReporter -->
<testsuite ignored="1" hostname="Nitish" failures="0" tests="2" name="Tests1" time="14.744" errors="0" timestamp="2025-12-09T18:54:16 GMT">
  <testcase classname="testcase.tc__001" name="testregister" time="2.391"/>
  <testcase classname="testcase.loginTestcase" name="logintest" time="2.217"/>
  <testcase classname="testcase.datadriventestcase" name="verifylogindata" time="0.0">
    <ignored/>
  </testcase> <!-- verifylogindata -->
</testsuite> <!-- Tests1 -->
