<?xml version="1.0" encoding="UTF-8"?>
<!-- Generated by org.testng.reporters.JUnitXMLReporter -->
<testsuite ignored="1" hostname="Nitish" failures="1" tests="1" name="RegressionTests" time="0.046" errors="0" timestamp="2025-12-08T21:33:44 GMT">
  <testcase classname="testcase.tc__001" name="testregister" time="0.011">
    <failure type="java.lang.NullPointerException" message="Cannot invoke &amp;quot;org.openqa.selenium.WebDriver.findElement(org.openqa.selenium.By)&amp;quot; because &amp;quot;this.driver&amp;quot; is null">
      <![CDATA[java.lang.NullPointerException: Cannot invoke "org.openqa.selenium.WebDriver.findElement(org.openqa.selenium.By)" because "this.driver" is null
at pageclass.homepagepom.clickmyname1(homepagepom.java:30)
at testcase.tc__001.testregister(tc__001.java:19)
at java.base/java.util.ArrayList.forEach(ArrayList.java:1597)
... Removed 25 stack frames]]>
    </failure>
  </testcase> <!-- testregister -->
  <testcase classname="testcase.datadriventestcase" name="verifylogindata" time="0.0">
    <ignored/>
  </testcase> <!-- verifylogindata -->
</testsuite> <!-- RegressionTests -->
