<?xml version="1.0" encoding="UTF-8"?>
<!-- Generated by org.testng.reporters.JUnitXMLReporter -->
<testsuite ignored="0" hostname="Nitish" failures="5" tests="5" name="MasterTests(failed)(failed)(failed)" time="1.022" errors="0" timestamp="2025-12-09T18:50:54 GMT">
  <testcase classname="testcase.datadriventestcase" name="verifylogindata" time="0.028">
    <failure type="java.lang.AssertionError" message="Test execution failed with exception: Cannot invoke &amp;quot;org.openqa.selenium.WebDriver.findElement(org.openqa.selenium.By)&amp;quot; because &amp;quot;this.driver&amp;quot; is null">
      <![CDATA[java.lang.AssertionError: Test execution failed with exception: Cannot invoke "org.openqa.selenium.WebDriver.findElement(org.openqa.selenium.By)" because "this.driver" is null
at testcase.datadriventestcase.verifylogindata(datadriventestcase.java:84)
at java.base/java.util.ArrayList.forEach(ArrayList.java:1597)
... Removed 26 stack frames]]>
    </failure>
  </testcase> <!-- verifylogindata -->
  <testcase classname="testcase.datadriventestcase" name="verifylogindata" time="0.003">
    <failure type="java.lang.AssertionError" message="Test execution failed with exception: Cannot invoke &amp;quot;org.openqa.selenium.WebDriver.findElement(org.openqa.selenium.By)&amp;quot; because &amp;quot;this.driver&amp;quot; is null">
      <![CDATA[java.lang.AssertionError: Test execution failed with exception: Cannot invoke "org.openqa.selenium.WebDriver.findElement(org.openqa.selenium.By)" because "this.driver" is null
at testcase.datadriventestcase.verifylogindata(datadriventestcase.java:84)
at java.base/java.util.ArrayList.forEach(ArrayList.java:1597)
... Removed 26 stack frames]]>
    </failure>
  </testcase> <!-- verifylogindata -->
  <testcase classname="testcase.datadriventestcase" name="verifylogindata" time="0.002">
    <failure type="java.lang.AssertionError" message="Test execution failed with exception: Cannot invoke &amp;quot;org.openqa.selenium.WebDriver.findElement(org.openqa.selenium.By)&amp;quot; because &amp;quot;this.driver&amp;quot; is null">
      <![CDATA[java.lang.AssertionError: Test execution failed with exception: Cannot invoke "org.openqa.selenium.WebDriver.findElement(org.openqa.selenium.By)" because "this.driver" is null
at testcase.datadriventestcase.verifylogindata(datadriventestcase.java:84)
at java.base/java.util.ArrayList.forEach(ArrayList.java:1597)
... Removed 26 stack frames]]>
    </failure>
  </testcase> <!-- verifylogindata -->
  <testcase classname="testcase.datadriventestcase" name="verifylogindata" time="0.003">
    <failure type="java.lang.AssertionError" message="Test execution failed with exception: Cannot invoke &amp;quot;org.openqa.selenium.WebDriver.findElement(org.openqa.selenium.By)&amp;quot; because &amp;quot;this.driver&amp;quot; is null">
      <![CDATA[java.lang.AssertionError: Test execution failed with exception: Cannot invoke "org.openqa.selenium.WebDriver.findElement(org.openqa.selenium.By)" because "this.driver" is null
at testcase.datadriventestcase.verifylogindata(datadriventestcase.java:84)
at java.base/java.util.ArrayList.forEach(ArrayList.java:1597)
... Removed 26 stack frames]]>
    </failure>
  </testcase> <!-- verifylogindata -->
  <testcase classname="testcase.datadriventestcase" name="verifylogindata" time="0.002">
    <failure type="java.lang.AssertionError" message="Test execution failed with exception: Cannot invoke &amp;quot;org.openqa.selenium.WebDriver.findElement(org.openqa.selenium.By)&amp;quot; because &amp;quot;this.driver&amp;quot; is null">
      <![CDATA[java.lang.AssertionError: Test execution failed with exception: Cannot invoke "org.openqa.selenium.WebDriver.findElement(org.openqa.selenium.By)" because "this.driver" is null
at testcase.datadriventestcase.verifylogindata(datadriventestcase.java:84)
at java.base/java.util.ArrayList.forEach(ArrayList.java:1597)
... Removed 26 stack frames]]>
    </failure>
  </testcase> <!-- verifylogindata -->
</testsuite> <!-- MasterTests(failed)(failed)(failed) -->
