<?xml version="1.0" encoding="UTF-8"?>
<testng-results ignored="0" total="3" passed="3" failed="0" skipped="0">
  <reporter-output>
  </reporter-output>
  <suite started-at="2025-12-15T22:03:21 GMT" name="Suite" finished-at="2025-12-15T22:03:43 GMT" duration-ms="22103">
    <groups>
      <group name="Sanity">
        <method signature="tc__001.testregister()[pri:0, instance:testcase.tc__001@34cdeda2]" name="testregister" class="testcase.tc__001"/>
        <method signature="loginTestcase.logintest()[pri:0, instance:testcase.loginTestcase@18920cc]" name="logintest" class="testcase.loginTestcase"/>
        <method signature="tc__001.testregister()[pri:0, instance:testcase.tc__001@6ebf0f36]" name="testregister" class="testcase.tc__001"/>
      </group> <!-- Sanity -->
      <group name="Regression">
        <method signature="tc__001.testregister()[pri:0, instance:testcase.tc__001@34cdeda2]" name="testregister" class="testcase.tc__001"/>
        <method signature="tc__001.testregister()[pri:0, instance:testcase.tc__001@6ebf0f36]" name="testregister" class="testcase.tc__001"/>
      </group> <!-- Regression -->
    </groups>
    <test started-at="2025-12-15T22:03:21 GMT" name="Test chrome" finished-at="2025-12-15T22:03:37 GMT" duration-ms="16639">
      <class name="testcase.tc__001">
        <test-method is-config="true" signature="openurl(java.lang.String,java.lang.String)[pri:0, instance:testcase.tc__001@34cdeda2]" started-at="2025-12-15T22:03:21 GMT" name="openurl" finished-at="2025-12-15T22:03:25 GMT" duration-ms="4048" status="PASS">
          <params>
            <param index="0">
              <value>
                <![CDATA[Linux]]>
              </value>
            </param>
            <param index="1">
              <value>
                <![CDATA[chrome]]>
              </value>
            </param>
          </params>
          <reporter-output>
          </reporter-output>
        </test-method> <!-- openurl -->
        <test-method signature="testregister()[pri:0, instance:testcase.tc__001@34cdeda2]" started-at="2025-12-15T22:03:25 GMT" name="testregister" finished-at="2025-12-15T22:03:34 GMT" duration-ms="9191" status="PASS">
          <reporter-output>
          </reporter-output>
        </test-method> <!-- testregister -->
        <test-method is-config="true" signature="logout()[pri:0, instance:testcase.tc__001@34cdeda2]" started-at="2025-12-15T22:03:34 GMT" name="logout" finished-at="2025-12-15T22:03:37 GMT" duration-ms="3134" status="PASS">
          <reporter-output>
          </reporter-output>
        </test-method> <!-- logout -->
      </class> <!-- testcase.tc__001 -->
    </test> <!-- Test chrome -->
    <test started-at="2025-12-15T22:03:21 GMT" name="Test edge" finished-at="2025-12-15T22:03:43 GMT" duration-ms="22103">
      <class name="testcase.tc__001">
        <test-method is-config="true" signature="openurl(java.lang.String,java.lang.String)[pri:0, instance:testcase.tc__001@6ebf0f36]" started-at="2025-12-15T22:03:21 GMT" name="openurl" finished-at="2025-12-15T22:03:25 GMT" duration-ms="4245" status="PASS">
          <params>
            <param index="0">
              <value>
                <![CDATA[Linux]]>
              </value>
            </param>
            <param index="1">
              <value>
                <![CDATA[edge]]>
              </value>
            </param>
          </params>
          <reporter-output>
          </reporter-output>
        </test-method> <!-- openurl -->
        <test-method signature="testregister()[pri:0, instance:testcase.tc__001@6ebf0f36]" started-at="2025-12-15T22:03:25 GMT" name="testregister" finished-at="2025-12-15T22:03:33 GMT" duration-ms="7824" status="PASS">
          <reporter-output>
          </reporter-output>
        </test-method> <!-- testregister -->
        <test-method is-config="true" signature="logout()[pri:0, instance:testcase.tc__001@6ebf0f36]" started-at="2025-12-15T22:03:33 GMT" name="logout" finished-at="2025-12-15T22:03:34 GMT" duration-ms="615" status="PASS">
          <reporter-output>
          </reporter-output>
        </test-method> <!-- logout -->
      </class> <!-- testcase.tc__001 -->
      <class name="testcase.loginTestcase">
        <test-method is-config="true" signature="openurl(java.lang.String,java.lang.String)[pri:0, instance:testcase.loginTestcase@18920cc]" started-at="2025-12-15T22:03:34 GMT" name="openurl" finished-at="2025-12-15T22:03:37 GMT" duration-ms="3374" status="PASS">
          <params>
            <param index="0">
              <value>
                <![CDATA[Linux]]>
              </value>
            </param>
            <param index="1">
              <value>
                <![CDATA[edge]]>
              </value>
            </param>
          </params>
          <reporter-output>
          </reporter-output>
        </test-method> <!-- openurl -->
        <test-method signature="logintest()[pri:0, instance:testcase.loginTestcase@18920cc]" started-at="2025-12-15T22:03:37 GMT" name="logintest" finished-at="2025-12-15T22:03:40 GMT" duration-ms="2988" status="PASS">
          <reporter-output>
          </reporter-output>
        </test-method> <!-- logintest -->
        <test-method is-config="true" signature="logout()[pri:0, instance:testcase.loginTestcase@18920cc]" started-at="2025-12-15T22:03:40 GMT" name="logout" finished-at="2025-12-15T22:03:43 GMT" duration-ms="2804" status="PASS">
          <reporter-output>
          </reporter-output>
        </test-method> <!-- logout -->
      </class> <!-- testcase.loginTestcase -->
    </test> <!-- Test edge -->
  </suite> <!-- Suite -->
</testng-results>
