<?xml version="1.0" encoding="UTF-8"?>
<!-- Generated by org.testng.reporters.JUnitReportReporter -->
<testsuite hostname="Nitish" failures="0" tests="5" name="testcase.datadriventestcase" time="74.914" errors="0" timestamp="2025-12-15T22:03:00 GMT" skipped="0">
  <testcase classname="testcase.datadriventestcase" name="verifylogindata" time="22.826"/>
  <testcase classname="testcase.datadriventestcase" name="verifylogindata" time="3.573"/>
  <testcase classname="testcase.datadriventestcase" name="verifylogindata" time="22.252"/>
  <testcase classname="testcase.datadriventestcase" name="verifylogindata" time="22.550"/>
  <testcase classname="testcase.datadriventestcase" name="verifylogindata" time="3.713"/>
</testsuite> <!-- testcase.datadriventestcase -->
